Performing C++ SOURCE FILE Test HAVE_CXX_FLAG_WSHORTEN_64_TO_32 failed with the following output:
Change Dir: /home/ceduardosq/Documents/Classes/2021-2/ads/Lab/Lab01/lab1/cmake-build-debug/CMakeFiles/CMakeTmp

Run Build Command(s):/usr/bin/make -f Makefile cmTC_aa2bd/fast && /usr/bin/make  -f CMakeFiles/cmTC_aa2bd.dir/build.make CMakeFiles/cmTC_aa2bd.dir/build
make[1]: Entering directory '/home/ceduardosq/Documents/Classes/2021-2/ads/Lab/Lab01/lab1/cmake-build-debug/CMakeFiles/CMakeTmp'
Building CXX object CMakeFiles/cmTC_aa2bd.dir/src.cxx.o
/usr/bin/c++ -DHAVE_CXX_FLAG_WSHORTEN_64_TO_32  -std=c++11  -Wall  -Wextra  -Wshadow  -Wsuggest-override  -pedantic  -pedantic-errors  -Wshorten-64-to-32   -Wshorten-64-to-32 -o CMakeFiles/cmTC_aa2bd.dir/src.cxx.o -c /home/ceduardosq/Documents/Classes/2021-2/ads/Lab/Lab01/lab1/cmake-build-debug/CMakeFiles/CMakeTmp/src.cxx
c++: error: unrecognized command line option '-Wshorten-64-to-32'
c++: error: unrecognized command line option '-Wshorten-64-to-32'
make[1]: *** [CMakeFiles/cmTC_aa2bd.dir/build.make:78: CMakeFiles/cmTC_aa2bd.dir/src.cxx.o] Error 1
make[1]: Leaving directory '/home/ceduardosq/Documents/Classes/2021-2/ads/Lab/Lab01/lab1/cmake-build-debug/CMakeFiles/CMakeTmp'
make: *** [Makefile:127: cmTC_aa2bd/fast] Error 2


Source file was:
int main() { return 0; }
Performing C++ SOURCE FILE Test HAVE_CXX_FLAG_WD654 failed with the following output:
Change Dir: /home/ceduardosq/Documents/Classes/2021-2/ads/Lab/Lab01/lab1/cmake-build-debug/CMakeFiles/CMakeTmp

Run Build Command(s):/usr/bin/make -f Makefile cmTC_e16f7/fast && /usr/bin/make  -f CMakeFiles/cmTC_e16f7.dir/build.make CMakeFiles/cmTC_e16f7.dir/build
make[1]: Entering directory '/home/ceduardosq/Documents/Classes/2021-2/ads/Lab/Lab01/lab1/cmake-build-debug/CMakeFiles/CMakeTmp'
Building CXX object CMakeFiles/cmTC_e16f7.dir/src.cxx.o
/usr/bin/c++ -DHAVE_CXX_FLAG_WD654  -std=c++11  -Wall  -Wextra  -Wshadow  -Wsuggest-override  -pedantic  -pedantic-errors  -fstrict-aliasing  -Wno-deprecated-declarations  -Wstrict-aliasing  -wd654   -wd654 -o CMakeFiles/cmTC_e16f7.dir/src.cxx.o -c /home/ceduardosq/Documents/Classes/2021-2/ads/Lab/Lab01/lab1/cmake-build-debug/CMakeFiles/CMakeTmp/src.cxx
c++: error: unrecognized command line option '-wd654'
c++: error: unrecognized command line option '-wd654'
make[1]: *** [CMakeFiles/cmTC_e16f7.dir/build.make:78: CMakeFiles/cmTC_e16f7.dir/src.cxx.o] Error 1
make[1]: Leaving directory '/home/ceduardosq/Documents/Classes/2021-2/ads/Lab/Lab01/lab1/cmake-build-debug/CMakeFiles/CMakeTmp'
make: *** [Makefile:127: cmTC_e16f7/fast] Error 2


Source file was:
int main() { return 0; }
Performing C++ SOURCE FILE Test HAVE_CXX_FLAG_WTHREAD_SAFETY failed with the following output:
Change Dir: /home/ceduardosq/Documents/Classes/2021-2/ads/Lab/Lab01/lab1/cmake-build-debug/CMakeFiles/CMakeTmp

Run Build Command(s):/usr/bin/make -f Makefile cmTC_8cb1e/fast && /usr/bin/make  -f CMakeFiles/cmTC_8cb1e.dir/build.make CMakeFiles/cmTC_8cb1e.dir/build
make[1]: Entering directory '/home/ceduardosq/Documents/Classes/2021-2/ads/Lab/Lab01/lab1/cmake-build-debug/CMakeFiles/CMakeTmp'
Building CXX object CMakeFiles/cmTC_8cb1e.dir/src.cxx.o
/usr/bin/c++ -DHAVE_CXX_FLAG_WTHREAD_SAFETY  -std=c++11  -Wall  -Wextra  -Wshadow  -Wsuggest-override  -pedantic  -pedantic-errors  -fstrict-aliasing  -Wno-deprecated-declarations  -Wstrict-aliasing  -Wthread-safety   -Wthread-safety -o CMakeFiles/cmTC_8cb1e.dir/src.cxx.o -c /home/ceduardosq/Documents/Classes/2021-2/ads/Lab/Lab01/lab1/cmake-build-debug/CMakeFiles/CMakeTmp/src.cxx
c++: error: unrecognized command line option '-Wthread-safety'
c++: error: unrecognized command line option '-Wthread-safety'
make[1]: *** [CMakeFiles/cmTC_8cb1e.dir/build.make:78: CMakeFiles/cmTC_8cb1e.dir/src.cxx.o] Error 1
make[1]: Leaving directory '/home/ceduardosq/Documents/Classes/2021-2/ads/Lab/Lab01/lab1/cmake-build-debug/CMakeFiles/CMakeTmp'
make: *** [Makefile:127: cmTC_8cb1e/fast] Error 2


Source file was:
int main() { return 0; }
Performing C SOURCE FILE Test CMAKE_HAVE_LIBC_PTHREAD failed with the following output:
Change Dir: /home/ceduardosq/Documents/Classes/2021-2/ads/Lab/Lab01/lab1/cmake-build-debug/CMakeFiles/CMakeTmp

Run Build Command(s):/usr/bin/make -f Makefile cmTC_bf564/fast && /usr/bin/make  -f CMakeFiles/cmTC_bf564.dir/build.make CMakeFiles/cmTC_bf564.dir/build
make[1]: Entering directory '/home/ceduardosq/Documents/Classes/2021-2/ads/Lab/Lab01/lab1/cmake-build-debug/CMakeFiles/CMakeTmp'
Building C object CMakeFiles/cmTC_bf564.dir/src.c.o
/usr/bin/cc -DCMAKE_HAVE_LIBC_PTHREAD   -o CMakeFiles/cmTC_bf564.dir/src.c.o -c /home/ceduardosq/Documents/Classes/2021-2/ads/Lab/Lab01/lab1/cmake-build-debug/CMakeFiles/CMakeTmp/src.c
Linking C executable cmTC_bf564
/snap/clion/163/bin/cmake/linux/bin/cmake -E cmake_link_script CMakeFiles/cmTC_bf564.dir/link.txt --verbose=1
/usr/bin/cc CMakeFiles/cmTC_bf564.dir/src.c.o -o cmTC_bf564 
/usr/bin/ld: CMakeFiles/cmTC_bf564.dir/src.c.o: in function `main':
src.c:(.text+0x46): undefined reference to `pthread_create'
/usr/bin/ld: src.c:(.text+0x52): undefined reference to `pthread_detach'
/usr/bin/ld: src.c:(.text+0x5e): undefined reference to `pthread_cancel'
/usr/bin/ld: src.c:(.text+0x6f): undefined reference to `pthread_join'
collect2: error: ld returned 1 exit status
make[1]: *** [CMakeFiles/cmTC_bf564.dir/build.make:99: cmTC_bf564] Error 1
make[1]: Leaving directory '/home/ceduardosq/Documents/Classes/2021-2/ads/Lab/Lab01/lab1/cmake-build-debug/CMakeFiles/CMakeTmp'
make: *** [Makefile:127: cmTC_bf564/fast] Error 2


Source file was:
#include <pthread.h>

static void* test_func(void* data)
{
  return data;
}

int main(void)
{
  pthread_t thread;
  pthread_create(&thread, NULL, test_func, NULL);
  pthread_detach(thread);
  pthread_cancel(thread);
  pthread_join(thread, NULL);
  pthread_atfork(NULL, NULL, NULL);
  pthread_exit(NULL);

  return 0;
}

